[17:04:01] [INFO] Quicktest System gestartet
[17:04:01] [INFO] Loading Parameter Handbook
[17:04:01] [INFO] Loaded 592 indicators from handbook
[17:04:01] [INFO] Starting Quicktest...
[17:04:01] [INFO] Testing 592 indicators
[17:04:03] [ERROR] Ind#479: Fatal error - No module named 'talib'
[17:04:03] [ERROR] Ind#480: Fatal error - No module named 'talib'
[17:04:03] [ERROR] Ind#478: Fatal error - No module named 'talib'
[17:04:03] [ERROR] Ind#477: Fatal error - No module named 'talib'
[17:04:03] [ERROR] Ind#481: Fatal error - No module named 'talib'
[17:04:03] [ERROR] Ind#484: Fatal error - No module named 'talib'
[17:04:03] [ERROR] Ind#489: Fatal error - No module named 'talib'
[17:04:03] [ERROR] Ind#491: Fatal error - No module named 'talib'
[17:04:03] [ERROR] Ind#485: Fatal error - No module named 'talib'
[17:04:03] [ERROR] Ind#487: Fatal error - No module named 'talib'
[17:04:03] [ERROR] Ind#486: Fatal error - No module named 'talib'
[17:04:03] [ERROR] Ind#498: Fatal error - No module named 'talib'
[17:04:03] [ERROR] Ind#499: Fatal error - No module named 'talib'
[17:04:03] [ERROR] Ind#501: Fatal error - No module named 'talib'
[17:04:03] [ERROR] Ind#497: Fatal error - No module named 'talib'
[17:04:03] [ERROR] Ind#506: Fatal error - No module named 'talib'
[17:04:03] [ERROR] Ind#511: Fatal error - No module named 'talib'
[17:04:03] [ERROR] Ind#513: Fatal error - No module named 'talib'
[17:04:03] [ERROR] Ind#509: Fatal error - No module named 'talib'
[17:04:03] [ERROR] Ind#514: Fatal error - No module named 'talib'
[17:04:03] [ERROR] Ind#521: Fatal error - No module named 'talib'
[17:04:03] [ERROR] Ind#524: Fatal error - No module named 'talib'
[17:04:03] [ERROR] Ind#522: Fatal error - No module named 'talib'
[17:04:03] [ERROR] Ind#526: Fatal error - No module named 'talib'
[17:04:04] [ERROR] Ind#525: Fatal error - No module named 'talib'
[17:04:04] [ERROR] Ind#530: Fatal error - No module named 'talib'
[17:04:04] [ERROR] Ind#531: Fatal error - No module named 'talib'
[17:04:04] [ERROR] Ind#534: Fatal error - No module named 'talib'
[17:04:04] [ERROR] Ind#537: Fatal error - No module named 'talib'
[17:04:04] [ERROR] Ind#538: Fatal error - No module named 'talib'
[17:04:04] [ERROR] Ind#542: Fatal error - No module named 'talib'
[17:04:04] [ERROR] Ind#544: Fatal error - No module named 'talib'
[17:04:04] [ERROR] Ind#543: Fatal error - No module named 'talib'
[17:04:04] [ERROR] Ind#548: Fatal error - No module named 'talib'
[17:04:04] [ERROR] Ind#549: Fatal error - No module named 'talib'
[17:04:04] [ERROR] Ind#551: Fatal error - No module named 'talib'
[17:04:04] [ERROR] Ind#552: Fatal error - No module named 'talib'
[17:04:04] [ERROR] Ind#554: Fatal error - No module named 'talib'
[17:04:04] [ERROR] Ind#553: Fatal error - No module named 'talib'
[17:04:04] [ERROR] Ind#555: Fatal error - No module named 'talib'
[17:04:05] [INFO] Results saved to: /opt/Zenatus_Backtester\01_Backtest_System\QUICKTEST_RESULTS.json
[17:04:05] [SUCCESS] Quicktest complete: 0 successful indicators
