Process Process-1:
Traceback (most recent call last):
  File "/opt/Zenatus_Backtester/Zenatus_Backtest_venv/lib/python3.13/site-packages/llvmlite/ir/_utils.py", line 46, in __str__
    return self.__cached_str
           ^^^^^^^^^^^^^^^^^
AttributeError: 'GlobalVariable' object has no attribute '_StrCaching__cached_str'

During handling of the above exception, another exception occurred:

Traceback (most recent call last):
  File "/opt/Zenatus_Backtester/Zenatus_Backtest_venv/lib/python3.13/site-packages/llvmlite/ir/_utils.py", line 56, in get_reference
    return self.__cached_refstr
           ^^^^^^^^^^^^^^^^^^^^
AttributeError: 'Constant' object has no attribute '_StringReferenceCaching__cached_refstr'

During handling of the above exception, another exception occurred:

Traceback (most recent call last):
Traceback (most recent call last):
  File "/usr/lib/python3.13/multiprocessing/process.py", line 313, in _bootstrap
    self.run()
    ~~~~~~~~^^
  File "/usr/lib/python3.13/multiprocessing/process.py", line 108, in run
    self._target(*self._args, **self._kwargs)
    ~~~~~~~~~~~~^^^^^^^^^^^^^^^^^^^^^^^^^^^^^
  File "/opt/Zenatus_Backtester/00_Backtester/Start_Backtesting_Scripts/Full_Backtest/Fixed_Exit/1h/FULL_BACKTEST_1H_WORKER.py", line 348, in worker_process
    res = run_indicator_logic(ind_name, spreads, data_cache)
  File "/opt/Zenatus_Backtester/00_Backtester/Start_Backtesting_Scripts/Full_Backtest/Fixed_Exit/1h/FULL_BACKTEST_1H_WORKER.py", line 431, in run_indicator_logic
    res = batch_backtest(df, entries, current_exit_combos, spread_pips)
  File "/opt/Zenatus_Backtester/00_Backtester/Start_Backtesting_Scripts/Full_Backtest/Fixed_Exit/1h/FULL_BACKTEST_1H_WORKER.py", line 268, in batch_backtest
    m_highest_loss = pf.trades.losing.pnl.min()
  File "/opt/Zenatus_Backtester/Zenatus_Backtest_venv/lib/python3.13/site-packages/vectorbt/utils/decorators.py", line 443, in wrapper
    return cached_func(*args, **kwargs)
  File "/opt/Zenatus_Backtester/Zenatus_Backtest_venv/lib/python3.13/site-packages/vectorbt/utils/decorators.py", line 413, in partial_func
    return func(instance, *args, **kwargs)
  File "/opt/Zenatus_Backtester/Zenatus_Backtest_venv/lib/python3.13/site-packages/vectorbt/records/mapped_array.py", line 824, in min
    return self.reduce(
           ~~~~~~~~~~~^
        generic_nb.min_reduce_nb,
        ^^^^^^^^^^^^^^^^^^^^^^^^^
    ...<4 lines>...
        **kwargs
        ^^^^^^^^
    )
    ^
  File "/opt/Zenatus_Backtester/Zenatus_Backtest_venv/lib/python3.13/site-packages/vectorbt/records/mapped_array.py", line 747, in reduce
    out = nb.reduce_mapped_nb(
        self.values,
    ...<3 lines>...
        *args
    )
  File "/opt/Zenatus_Backtester/Zenatus_Backtest_venv/lib/python3.13/site-packages/numba/core/dispatcher.py", line 376, in _compile_for_args
    return_val = self.compile(tuple(argtypes))
  File "/opt/Zenatus_Backtester/Zenatus_Backtest_venv/lib/python3.13/site-packages/numba/core/dispatcher.py", line 908, in compile
    cres = self._compiler.compile(args, return_type)
  File "/opt/Zenatus_Backtester/Zenatus_Backtest_venv/lib/python3.13/site-packages/numba/core/dispatcher.py", line 80, in compile
    status, retval = self._compile_cached(args, return_type)
                     ~~~~~~~~~~~~~~~~~~~~^^^^^^^^^^^^^^^^^^^
  File "/opt/Zenatus_Backtester/Zenatus_Backtest_venv/lib/python3.13/site-packages/numba/core/dispatcher.py", line 94, in _compile_cached
    retval = self._compile_core(args, return_type)
  File "/opt/Zenatus_Backtester/Zenatus_Backtest_venv/lib/python3.13/site-packages/numba/core/dispatcher.py", line 107, in _compile_core
    cres = compiler.compile_extra(self.targetdescr.typing_context,
                                  self.targetdescr.target_context,
    ...<2 lines>...
                                  flags=flags, locals=self.locals,
                                  pipeline_class=self.pipeline_class)
  File "/opt/Zenatus_Backtester/Zenatus_Backtest_venv/lib/python3.13/site-packages/numba/core/compiler.py", line 739, in compile_extra
    return pipeline.compile_extra(func)
           ~~~~~~~~~~~~~~~~~~~~~~^^^^^^
  File "/opt/Zenatus_Backtester/Zenatus_Backtest_venv/lib/python3.13/site-packages/numba/core/compiler.py", line 439, in compile_extra
    return self._compile_bytecode()
           ~~~~~~~~~~~~~~~~~~~~~~^^
  File "/opt/Zenatus_Backtester/Zenatus_Backtest_venv/lib/python3.13/site-packages/numba/core/compiler.py", line 505, in _compile_bytecode
    return self._compile_core()
           ~~~~~~~~~~~~~~~~~~^^
  File "/opt/Zenatus_Backtester/Zenatus_Backtest_venv/lib/python3.13/site-packages/numba/core/compiler.py", line 473, in _compile_core
    pm.run(self.state)
    ~~~~~~^^^^^^^^^^^^
  File "/opt/Zenatus_Backtester/Zenatus_Backtest_venv/lib/python3.13/site-packages/numba/core/compiler_machinery.py", line 356, in run
    self._runPass(idx, pass_inst, state)
    ~~~~~~~~~~~~~^^^^^^^^^^^^^^^^^^^^^^^
  File "/opt/Zenatus_Backtester/Zenatus_Backtest_venv/lib/python3.13/site-packages/numba/core/compiler_lock.py", line 35, in _acquire_compile_lock
    return func(*args, **kwargs)
  File "/opt/Zenatus_Backtester/Zenatus_Backtest_venv/lib/python3.13/site-packages/numba/core/compiler_machinery.py", line 311, in _runPass
    mutated |= check(pss.run_pass, internal_state)
               ~~~~~^^^^^^^^^^^^^^^^^^^^^^^^^^^^^^
  File "/opt/Zenatus_Backtester/Zenatus_Backtest_venv/lib/python3.13/site-packages/numba/core/compiler_machinery.py", line 272, in check
    mangled = func(compiler_state)
  File "/opt/Zenatus_Backtester/Zenatus_Backtest_venv/lib/python3.13/site-packages/numba/core/typed_passes.py", line 474, in run_pass
    lower.create_cpython_wrapper(flags.release_gil)
    ~~~~~~~~~~~~~~~~~~~~~~~~~~~~^^^^^^^^^^^^^^^^^^^
  File "/opt/Zenatus_Backtester/Zenatus_Backtest_venv/lib/python3.13/site-packages/numba/core/lowering.py", line 288, in create_cpython_wrapper
    self.context.create_cpython_wrapper(self.library, self.fndesc,
    ~~~~~~~~~~~~~~~~~~~~~~~~~~~~~~~~~~~^^^^^^^^^^^^^^^^^^^^^^^^^^^
                                        self.env, self.call_helper,
                                        ^^^^^^^^^^^^^^^^^^^^^^^^^^^
                                        release_gil=release_gil)
                                        ^^^^^^^^^^^^^^^^^^^^^^^^
  File "/opt/Zenatus_Backtester/Zenatus_Backtest_venv/lib/python3.13/site-packages/numba/core/cpu.py", line 191, in create_cpython_wrapper
    library.add_ir_module(wrapper_module)
    ~~~~~~~~~~~~~~~~~~~~~^^^^^^^^^^^^^^^^
  File "/opt/Zenatus_Backtester/Zenatus_Backtest_venv/lib/python3.13/site-packages/numba/core/codegen.py", line 735, in add_ir_module
    ir = cgutils.normalize_ir_text(str(ir_module))
                                   ~~~^^^^^^^^^^^
  File "/opt/Zenatus_Backtester/Zenatus_Backtest_venv/lib/python3.13/site-packages/llvmlite/ir/module.py", line 252, in __repr__
    lines += self._get_body_lines()
             ~~~~~~~~~~~~~~~~~~~~^^
  File "/opt/Zenatus_Backtester/Zenatus_Backtest_venv/lib/python3.13/site-packages/llvmlite/ir/module.py", line 222, in _get_body_lines
    lines += [str(v) for v in self.globals.values()]
              ~~~^^^
  File "/opt/Zenatus_Backtester/Zenatus_Backtest_venv/lib/python3.13/site-packages/llvmlite/ir/_utils.py", line 48, in __str__
    s = self.__cached_str = self._to_string()
                            ~~~~~~~~~~~~~~~^^
  File "/opt/Zenatus_Backtester/Zenatus_Backtest_venv/lib/python3.13/site-packages/llvmlite/ir/values.py", line 548, in _to_string
    self.descr(buf)
    ~~~~~~~~~~^^^^^
  File "/opt/Zenatus_Backtester/Zenatus_Backtest_venv/lib/python3.13/site-packages/llvmlite/ir/values.py", line 838, in descr
    buf.append(" " + self.initializer.get_reference())
                     ~~~~~~~~~~~~~~~~~~~~~~~~~~~~~~^^
  File "/opt/Zenatus_Backtester/Zenatus_Backtest_venv/lib/python3.13/site-packages/llvmlite/ir/_utils.py", line 58, in get_reference
    s = self.__cached_refstr = self._get_reference()
                               ~~~~~~~~~~~~~~~~~~~^^
  File "/opt/Zenatus_Backtester/Zenatus_Backtest_venv/lib/python3.13/site-packages/llvmlite/ir/values.py", line 463, in _get_reference
    val = 'c"{0}"'.format(_escape_string(self.constant))
                          ~~~~~~~~~~~~~~^^^^^^^^^^^^^^^
  File "/opt/Zenatus_Backtester/Zenatus_Backtest_venv/lib/python3.13/site-packages/llvmlite/ir/values.py", line 47, in _escape_string
    buf = [_map[ch] for ch in text]
           ~~~~^^^^
KeyboardInterrupt
  File "/opt/Zenatus_Backtester/00_Backtester/Start_Backtesting_Scripts/Full_Backtest/Fixed_Exit/1h/FULL_BACKTEST_1H_WORKER.py", line 545, in <module>
    main()
    ~~~~^^
  File "/opt/Zenatus_Backtester/00_Backtester/Start_Backtesting_Scripts/Full_Backtest/Fixed_Exit/1h/FULL_BACKTEST_1H_WORKER.py", line 541, in main
    res = process_indicator(ind, spreads, data_cache)
  File "/opt/Zenatus_Backtester/00_Backtester/Start_Backtesting_Scripts/Full_Backtest/Fixed_Exit/1h/FULL_BACKTEST_1H_WORKER.py", line 503, in process_indicator
    p.join(timeout=TIMEOUT_SEC)
    ~~~~~~^^^^^^^^^^^^^^^^^^^^^
  File "/usr/lib/python3.13/multiprocessing/process.py", line 149, in join
    res = self._popen.wait(timeout)
  File "/usr/lib/python3.13/multiprocessing/popen_fork.py", line 41, in wait
    if not wait([self.sentinel], timeout):
           ~~~~^^^^^^^^^^^^^^^^^^^^^^^^^^
  File "/usr/lib/python3.13/multiprocessing/connection.py", line 1148, in wait
    ready = selector.select(timeout)
  File "/usr/lib/python3.13/selectors.py", line 398, in select
    fd_event_list = self._selector.poll(timeout)
KeyboardInterrupt
